{
  "RSpec": {
    "coverage": {
      "/Users/brianrippeto/check_in_tool_rails/spec/integration/authentication/sign_in_spec.rb": [
        1,
        1,
        null,
        1,
        3,
        3,
        null,
        1,
        1,
        1,
        1,
        1,
        1,
        null,
        null,
        null,
        1,
        1,
        1,
        1,
        null,
        null,
        null,
        1,
        1,
        1,
        1,
        1,
        1,
        null,
        null,
        null,
        1,
        1,
        1,
        1,
        null,
        null,
        null,
        1,
        null,
        1,
        null,
        null,
        null
      ],
      "/Users/brianrippeto/check_in_tool_rails/spec/rails_helper.rb": [
        null,
        1,
        1,
        null,
        1,
        1,
        1,
        null,
        null,
        null,
        null,
        null,
        null,
        null,
        null,
        null,
        null,
        null,
        null,
        null,
        null,
        null,
        5,
        1,
        null,
        null,
        null,
        1,
        null,
        1,
        1,
        1,
        null,
        null,
        null,
        1,
        18,
        null,
        null,
        null,
        1,
        0,
        null,
        null,
        null,
        1,
        18,
        null,
        null,
        null,
        1,
        18,
        null,
        null,
        1,
        null,
        1,
        null,
        null,
        null,
        null,
        1,
        null,
        null,
        null,
        null,
        null,
        null,
        null,
        null,
        null,
        null,
        null,
        null,
        null,
        null,
        1,
        null,
        null,
        1,
        null,
        null,
        null,
        null,
        1,
        1,
        1,
        1,
        null,
        null
      ],
      "/Users/brianrippeto/check_in_tool_rails/config/environment.rb": [
        null,
        1,
        null,
        null,
        1
      ],
      "/Users/brianrippeto/check_in_tool_rails/config/application.rb": [
        1,
        null,
        1,
        null,
        1,
        1,
        1,
        1,
        1,
        1,
        1,
        null,
        null,
        null,
        null,
        1,
        null,
        1,
        1,
        null,
        null,
        null,
        null,
        null,
        null,
        null,
        null,
        null,
        null,
        null,
        null,
        null,
        1,
        1,
        null,
        null
      ],
      "/Users/brianrippeto/check_in_tool_rails/config/boot.rb": [
        1,
        null,
        1
      ],
      "/Users/brianrippeto/check_in_tool_rails/config/environments/test.rb": [
        1,
        null,
        null,
        null,
        null,
        null,
        null,
        1,
        null,
        null,
        null,
        null,
        1,
        null,
        null,
        1,
        1,
        null,
        null,
        1,
        1,
        null,
        null,
        1,
        null,
        null,
        1,
        null,
        null,
        null,
        null,
        1,
        null,
        null,
        1,
        null,
        null,
        1,
        null,
        null,
        null,
        null
      ],
      "/Users/brianrippeto/check_in_tool_rails/config/initializers/assets.rb": [
        null,
        null,
        null,
        1,
        null,
        null,
        null,
        null,
        null,
        null,
        null
      ],
      "/Users/brianrippeto/check_in_tool_rails/config/initializers/backtrace_silencers.rb": [
        null,
        null,
        null,
        null,
        null,
        null,
        null
      ],
      "/Users/brianrippeto/check_in_tool_rails/config/initializers/cookies_serializer.rb": [
        null,
        null,
        1
      ],
      "/Users/brianrippeto/check_in_tool_rails/config/initializers/devise.rb": [
        null,
        null,
        1,
        null,
        null,
        null,
        null,
        null,
        null,
        null,
        null,
        null,
        null,
        null,
        1,
        null,
        null,
        null,
        null,
        null,
        null,
        null,
        null,
        null,
        null,
        null,
        1,
        null,
        null,
        null,
        null,
        null,
        null,
        null,
        null,
        null,
        null,
        null,
        null,
        null,
        null,
        null,
        null,
        null,
        null,
        null,
        null,
        null,
        1,
        null,
        null,
        null,
        null,
        1,
        null,
        null,
        null,
        null,
        null,
        null,
        null,
        null,
        null,
        null,
        null,
        null,
        null,
        null,
        null,
        null,
        null,
        null,
        null,
        null,
        null,
        null,
        null,
        null,
        null,
        null,
        null,
        null,
        null,
        null,
        1,
        null,
        null,
        null,
        null,
        null,
        null,
        null,
        null,
        null,
        null,
        null,
        null,
        null,
        null,
        null,
        null,
        1,
        null,
        null,
        null,
        null,
        null,
        null,
        null,
        null,
        null,
        null,
        null,
        null,
        null,
        null,
        null,
        null,
        null,
        null,
        null,
        null,
        null,
        null,
        null,
        null,
        null,
        null,
        null,
        1,
        null,
        null,
        null,
        null,
        null,
        null,
        null,
        null,
        null,
        1,
        null,
        null,
        null,
        null,
        null,
        null,
        null,
        null,
        null,
        null,
        1,
        null,
        null,
        null,
        null,
        1,
        null,
        null,
        null,
        null,
        null,
        null,
        null,
        null,
        null,
        null,
        null,
        null,
        null,
        null,
        null,
        null,
        null,
        null,
        null,
        null,
        null,
        null,
        null,
        null,
        null,
        null,
        null,
        null,
        null,
        null,
        null,
        null,
        null,
        null,
        null,
        null,
        null,
        null,
        null,
        null,
        1,
        null,
        null,
        null,
        null,
        null,
        null,
        null,
        null,
        null,
        null,
        null,
        null,
        null,
        null,
        null,
        null,
        null,
        null,
        null,
        null,
        null,
        null,
        null,
        null,
        null,
        null,
        null,
        null,
        null,
        null,
        null,
        null,
        null,
        null,
        null,
        null,
        null,
        null,
        null,
        null,
        null,
        1,
        null,
        null,
        null,
        null,
        null,
        null,
        null,
        null,
        null,
        null,
        null,
        null,
        null,
        null,
        null,
        null,
        null,
        null,
        null,
        null,
        null,
        null,
        null,
        null,
        null,
        null,
        null,
        null,
        null
      ],
      "/Users/brianrippeto/check_in_tool_rails/config/initializers/filter_parameter_logging.rb": [
        null,
        null,
        null,
        1
      ],
      "/Users/brianrippeto/check_in_tool_rails/config/initializers/inflections.rb": [
        null,
        null,
        null,
        null,
        null,
        1,
        null,
        null,
        1,
        null,
        null,
        null,
        null,
        null,
        null,
        null
      ],
      "/Users/brianrippeto/check_in_tool_rails/config/initializers/mime_types.rb": [
        null,
        null,
        null,
        null
      ],
      "/Users/brianrippeto/check_in_tool_rails/config/initializers/session_store.rb": [
        null,
        null,
        1
      ],
      "/Users/brianrippeto/check_in_tool_rails/config/initializers/wrap_parameters.rb": [
        null,
        null,
        null,
        null,
        null,
        null,
        1,
        1,
        null,
        null,
        null,
        null,
        null,
        null
      ],
      "/Users/brianrippeto/check_in_tool_rails/config/routes.rb": [
        1,
        1,
        1,
        null
      ],
      "/Users/brianrippeto/check_in_tool_rails/app/models/users/user.rb": [
        1,
        1,
        null,
        1,
        1,
        null
      ],
      "/Users/brianrippeto/check_in_tool_rails/app/helpers/application_helper.rb": [
        1,
        null
      ],
      "/Users/brianrippeto/check_in_tool_rails/spec/support/factories.rb": [
        1,
        1,
        1,
        1,
        null,
        null,
        1,
        1,
        null,
        null,
        1,
        2,
        2,
        1,
        null,
        1,
        1,
        4,
        4,
        null,
        1,
        1,
        1,
        1,
        1,
        null,
        null,
        null,
        null,
        1,
        1,
        3,
        3,
        null,
        null,
        null,
        null,
        1,
        1,
        null,
        null,
        1,
        1,
        null,
        null
      ],
      "/Users/brianrippeto/check_in_tool_rails/app/models/users/teacher.rb": [
        1,
        1,
        1,
        null
      ],
      "/Users/brianrippeto/check_in_tool_rails/app/models/users/student.rb": [
        1,
        null,
        null
      ],
      "/Users/brianrippeto/check_in_tool_rails/spec/support/pages/authentication.rb": [
        1,
        1,
        null,
        1,
        5,
        5,
        null,
        null,
        null,
        null
      ],
      "/Users/brianrippeto/check_in_tool_rails/spec/support/pages/login_page.rb": [
        1,
        1,
        1,
        null,
        1,
        5,
        5,
        5,
        null,
        null,
        1,
        5,
        5,
        5,
        null,
        null,
        null
      ],
      "/Users/brianrippeto/check_in_tool_rails/spec/support/pages/page.rb": [
        1,
        1,
        null
      ],
      "/Users/brianrippeto/check_in_tool_rails/spec/integration/authentication/sign_out_spec.rb": [
        1,
        1,
        null,
        1,
        2,
        null,
        1,
        1,
        1,
        1,
        1,
        1,
        1,
        null,
        null,
        null
      ],
      "/Users/brianrippeto/check_in_tool_rails/spec/models/grove_spec.rb": [
        1,
        null,
        1,
        2,
        2,
        null
      ],
      "/Users/brianrippeto/check_in_tool_rails/app/models/grove.rb": [
        1,
        1,
        1,
        null
      ],
      "/Users/brianrippeto/check_in_tool_rails/spec/models/role_spec.rb": [
        1,
        null,
        1,
        2,
        2,
        null
      ],
      "/Users/brianrippeto/check_in_tool_rails/app/models/role.rb": [
        1,
        1,
        1,
        null
      ],
      "/Users/brianrippeto/check_in_tool_rails/spec/models/school_spec.rb": [
        1,
        null,
        1,
        2,
        2,
        null
      ],
      "/Users/brianrippeto/check_in_tool_rails/app/models/school.rb": [
        1,
        1,
        1,
        null
      ],
      "/Users/brianrippeto/check_in_tool_rails/spec/models/teacher_spec.rb": [
        1,
        null,
        1,
        2,
        2,
        null,
        null,
        1,
        1,
        1,
        null,
        null
      ],
      "/Users/brianrippeto/check_in_tool_rails/spec/models/user_role_spec.rb": [
        1,
        null,
        1,
        2,
        2,
        null
      ],
      "/Users/brianrippeto/check_in_tool_rails/app/models/user_role.rb": [
        1,
        1,
        1,
        null
      ],
      "/Users/brianrippeto/check_in_tool_rails/spec/models/user_spec.rb": [
        1,
        null,
        1,
        2,
        2,
        null
      ],
      "/Users/brianrippeto/check_in_tool_rails/app/controllers/home_controller.rb": [
        1,
        1,
        null,
        1,
        null,
        null
      ],
      "/Users/brianrippeto/check_in_tool_rails/app/controllers/application_controller.rb": [
        1,
        null,
        null,
        1,
        1,
        null,
        1,
        null
      ],
      "/Users/brianrippeto/check_in_tool_rails/app/controllers/users/sessions_controller.rb": [
        1,
        1,
        null
      ]
    },
    "timestamp": 1467779209
  }
}
